<?xml version="1.0" encoding="UTF-8"?>
<!-- Generated by org.testng.reporters.JUnitXMLReporter -->
<testsuite ignored="0" hostname="DESKTOP-5FVFOP7" failures="0" tests="8" name="Default test" time="45.414" errors="0" timestamp="2024-03-01T15:33:57 IST">
  <testcase classname="pkg_QA_Entrata_web.QA_Entrata_web_class" name="testHomePageTitle" time="1.754"/>
  <testcase classname="pkg_QA_Entrata_web.QA_Entrata_web_class" name="testElementPresenceSignIn" time="0.15"/>
  <testcase classname="pkg_QA_Entrata_web.QA_Entrata_web_class" name="ButtonClickableWatchDemo" time="0.099"/>
  <testcase classname="pkg_QA_Entrata_web.QA_Entrata_web_class" name="test_navigation_bar" time="0.162"/>
  <testcase classname="pkg_QA_Entrata_web.QA_Entrata_web_class" name="testSocialMediaLinks" time="0.225"/>
  <testcase classname="pkg_QA_Entrata_web.QA_Entrata_web_class" name="testAcceptCookies" time="0.208"/>
  <testcase classname="pkg_QA_Entrata_web.QA_Entrata_web_class" name="testoperatingsystemButton" time="4.945"/>
  <testcase classname="pkg_QA_Entrata_web.QA_Entrata_web_class" name="Completetheform" time="2.01"/>
</testsuite> <!-- Default test -->
